<?xml version="1.0" encoding="UTF-8"?>
<!-- Generated by org.testng.reporters.JUnitReportReporter -->
<testsuite skipped="0" hostname="DESKTOP-AF5L4ES" name="testHomePage.TestShowWeather" tests="1" failures="0" timestamp="28 May 2017 13:38:08 GMT" time="90.386" errors="0">
  <testcase name="showWather" time="90.386" classname="testHomePage.TestShowWeather"/>
</testsuite> <!-- testHomePage.TestShowWeather -->
