<?xml version="1.0" encoding="UTF-8"?>
<!-- Generated by org.testng.reporters.JUnitReportReporter -->
<testsuite skipped="0" hostname="DESKTOP-AF5L4ES" name="testHomePage.TestSectionMenu" tests="1" failures="0" timestamp="28 May 2017 13:38:08 GMT" time="91.061" errors="0">
  <testcase name="testSectionMenu" time="91.061" classname="testHomePage.TestSectionMenu"/>
</testsuite> <!-- testHomePage.TestSectionMenu -->
