<?xml version="1.0" encoding="UTF-8"?>
<!-- Generated by org.testng.reporters.JUnitReportReporter -->
<testsuite skipped="0" hostname="DESKTOP-AF5L4ES" name="testHomePage.TestPlayVideo" tests="1" failures="0" timestamp="28 May 2017 13:38:08 GMT" time="123.441" errors="0">
  <testcase name="testPlayVideo" time="123.441" classname="testHomePage.TestPlayVideo"/>
</testsuite> <!-- testHomePage.TestPlayVideo -->
