<?xml version="1.0" encoding="UTF-8"?>
<!-- Generated by org.testng.reporters.JUnitReportReporter -->
<testsuite skipped="0" hostname="DESKTOP-AF5L4ES" name="testUseAmazon.TestOrderPhone" tests="1" failures="0" timestamp="28 May 2017 05:54:45 GMT" time="32.192" errors="0">
  <testcase name="searchYourPhone" time="32.192" classname="testUseAmazon.TestOrderPhone"/>
</testsuite> <!-- testUseAmazon.TestOrderPhone -->
